#
# A fatal error has been detected by the Java Runtime Environment:
#
#  EXCEPTION_ACCESS_VIOLATION (0xc0000005) at pc=0x00007ff8be68c9e6, pid=6960, tid=6824
#
# JRE version: OpenJDK Runtime Environment (11.0.10) (build 11.0.10+0-b96-7249189)
# Java VM: OpenJDK 64-Bit Server VM (11.0.10+0-b96-7249189, mixed mode, tiered, compressed oops, g1 gc, windows-amd64)
# Problematic frame:
# V  [jvm.dll+0x18c9e6]
#
# No core dump will be written. Minidumps are not enabled by default on client versions of Windows
#
# If you would like to submit a bug report, please visit:
#   https://bugreport.java.com/bugreport/crash.jsp
#

---------------  S U M M A R Y ------------

Command Line: --add-opens=java.base/java.util=ALL-UNNAMED --add-opens=java.base/java.lang=ALL-UNNAMED --add-opens=java.base/java.lang.invoke=ALL-UNNAMED --add-opens=java.base/java.util=ALL-UNNAMED --add-opens=java.prefs/java.util.prefs=ALL-UNNAMED --add-opens=java.prefs/java.util.prefs=ALL-UNNAMED --add-opens=java.base/java.nio.charset=ALL-UNNAMED --add-opens=java.base/java.net=ALL-UNNAMED --add-opens=java.base/java.util.concurrent.atomic=ALL-UNNAMED -Xmx2048m -Dfile.encoding=UTF-8 -Duser.country=FR -Duser.language=fr -Duser.variant org.gradle.launcher.daemon.bootstrap.GradleDaemon 7.0.2

Host: Intel(R) Core(TM) i3-2100 CPU @ 3.10GHz, 4 cores, 3G,  Windows 10 , 64 bit Build 10240 (10.0.10240.17113)
Time: Tue Jan 25 23:16:34 2022 Europe de l?Ouest elapsed time: 861.802678 seconds (0d 0h 14m 21s)

---------------  T H R E A D  ---------------

Current thread (0x0000009e7f9b5000):  ConcurrentGCThread "G1 Conc#0" [stack: 0x0000009e17210000,0x0000009e17310000] [id=6824]

Stack: [0x0000009e17210000,0x0000009e17310000],  sp=0x0000009e1730f458,  free space=1021k
Native frames: (J=compiled Java code, j=interpreted, Vv=VM code, C=native code)
V  [jvm.dll+0x18c9e6]


siginfo: EXCEPTION_ACCESS_VIOLATION (0xc0000005), reading address 0x00000001b189c9c0


Register to memory mapping:

RIP=0x00007ff8be68c9e6 jvm.dll
RAX=0x2000000000000001 is an unknown value
RBX=0x00000000867438e8 is pointing into object: [B 
{0x0000000086743878} - klass: {type array byte}
 - length: 160
RCX=0x00000000867438e8 is pointing into object: [B 
{0x0000000086743878} - klass: {type array byte}
 - length: 160
RDX=0x00000000867438e8 is pointing into object: [B 
{0x0000000086743878} - klass: {type array byte}
 - length: 160
RSP=0x0000009e1730f458 points into unknown readable memory: 0x00007ff8be7da4ea | ea a4 7d be f8 7f 00 00
RBP=0x0000009e7f9a9a80 points into unknown readable memory: 0x0000009e7f9b2800 | 00 28 9b 7f 9e 00 00 00
RSI=0x0000000000000001 is an unknown value
RDI=0x0 is NULL
R8 =0x2000000000000000 is an unknown value
R9 =0x00000001b189c9b8 is an unknown value
R10=0x0000009e7f9a9a80 points into unknown readable memory: 0x0000009e7f9b2800 | 00 28 9b 7f 9e 00 00 00
R11=0x346dc5d63886594b is an unknown value
R12=0x000000000000000c is an unknown value
R13=0xaaaaaaaaaaaaaaab is an unknown value
R14=0x0 is NULL
R15=0x0000000086743090 is an oop: org.gradle.internal.component.model.DefaultIvyArtifactName 
{0x0000000086743090} - klass: 'org/gradle/internal/component/model/DefaultIvyArtifactName'


Registers:
RAX=0x2000000000000001, RBX=0x00000000867438e8, RCX=0x00000000867438e8, RDX=0x00000000867438e8
RSP=0x0000009e1730f458, RBP=0x0000009e7f9a9a80, RSI=0x0000000000000001, RDI=0x0000000000000000
R8 =0x2000000000000000, R9 =0x00000001b189c9b8, R10=0x0000009e7f9a9a80, R11=0x346dc5d63886594b
R12=0x000000000000000c, R13=0xaaaaaaaaaaaaaaab, R14=0x0000000000000000, R15=0x0000000086743090
RIP=0x00007ff8be68c9e6, EFLAGS=0x0000000000010206

Top of Stack: (sp=0x0000009e1730f458)
0x0000009e1730f458:   00007ff8be7da4ea 00000000867438e8
0x0000009e1730f468:   00000001005a0ad0 0000009e7d3fd510
0x0000009e1730f478:   0000009e1730f698 00000001005a0ad8
0x0000009e1730f488:   00007ff8be7da396 00000001005a0ad0
0x0000009e1730f498:   00000000867438e8 0000009e7f9b7910
0x0000009e1730f4a8:   0000009e1730f698 0000000000000000
0x0000009e1730f4b8:   0000009e1730f698 00000000867430b0
0x0000009e1730f4c8:   00007ff8be7d21ed 00000000867430b0
0x0000009e1730f4d8:   00000000867430a4 00000000867a94b8
0x0000009e1730f4e8:   00000000867a94fc 0000009e1730f670
0x0000009e1730f4f8:   0000009e7f9b5801 00000001005a0870
0x0000009e1730f508:   00007ff8be7d1aa1 0000000000000004
0x0000009e1730f518:   0000009e1730f698 0000000086743090
0x0000009e1730f528:   0000009e7f9b5801 0000000086743090
0x0000009e1730f538:   00007ff8be7dffcf 0000009e7f9b7910
0x0000009e1730f548:   0000000000ea0000 0000000000000000 

Instructions: (pc=0x00007ff8be68c9e6)
0x00007ff8be68c8e6:   82 00 48 d3 e0 48 03 05 1e 22 82 00 eb 04 48 8b
0x00007ff8be68c8f6:   43 08 81 78 08 00 00 00 c0 73 7d 48 8b 4f 38 48
0x00007ff8be68c906:   8b d3 48 8b 01 ff 50 20 84 c0 75 6c 38 05 80 ac
0x00007ff8be68c916:   86 00 74 15 8b 53 08 8b 0d f5 21 82 00 48 d3 e2
0x00007ff8be68c926:   48 03 15 e3 21 82 00 eb 04 48 8b 53 08 48 8b cb
0x00007ff8be68c936:   48 89 5c 24 20 e8 a0 00 00 00 80 7f 30 00 48 63
0x00007ff8be68c946:   c8 48 89 4c 24 28 0f 28 44 24 20 74 17 0f 11 86
0x00007ff8be68c956:   98 03 00 00 48 8b 5c 24 40 48 8b 74 24 48 48 83
0x00007ff8be68c966:   c4 30 5f c3 48 8b 07 48 8d 54 24 20 48 8b cf 66
0x00007ff8be68c976:   0f 7f 44 24 20 ff 50 38 48 8b 5c 24 40 48 8b 74
0x00007ff8be68c986:   24 48 48 83 c4 30 5f c3 cc cc 48 8b 49 38 48 8b
0x00007ff8be68c996:   01 48 ff 60 28 cc cc cc cc cc 80 3d f1 ab 86 00
0x00007ff8be68c9a6:   00 48 8b c1 74 1b 8b 51 08 8b 0d 63 21 82 00 48
0x00007ff8be68c9b6:   d3 e2 48 8b c8 48 03 15 4e 21 82 00 e9 19 00 00
0x00007ff8be68c9c6:   00 48 8b 51 08 48 8b c8 e9 0d 00 00 00 cc cc cc
0x00007ff8be68c9d6:   cc cc cc cc cc cc cc cc cc cc 4c 8b ca 48 8b d1
0x00007ff8be68c9e6:   45 8b 41 08 45 85 c0 7e 0e 41 f6 c0 01 75 59 41
0x00007ff8be68c9f6:   c1 f8 03 41 8b c0 c3 79 4f 80 3d 92 ab 86 00 00
0x00007ff8be68ca06:   b8 0c 00 00 00 b9 10 00 00 00 0f 45 c8 8b 05 ab
0x00007ff8be68ca16:   6c 80 00 ff c8 4c 63 c8 48 63 c1 41 8b c8 83 e1
0x00007ff8be68ca26:   3f 48 63 14 10 41 8b c0 48 c1 f8 10 0f b6 c0 48
0x00007ff8be68ca36:   d3 e2 49 8d 0c 11 49 f7 d1 48 03 c1 49 c1 e9 03
0x00007ff8be68ca46:   48 c1 e8 03 41 23 c1 c3 49 8b 01 49 8b c9 48 ff
0x00007ff8be68ca56:   a0 10 01 00 00 cc cc cc cc cc 48 83 ec 38 0f 10
0x00007ff8be68ca66:   02 48 8b 49 38 48 8d 54 24 20 0f 29 44 24 20 e8
0x00007ff8be68ca76:   56 f0 ff ff 48 83 c4 38 c3 cc 48 89 5c 24 08 55
0x00007ff8be68ca86:   56 57 41 54 41 55 41 56 41 57 48 8d 6c 24 e0 48
0x00007ff8be68ca96:   81 ec 20 01 00 00 48 8b 05 5d a5 83 00 48 33 c4
0x00007ff8be68caa6:   48 89 45 10 48 8b 05 df 15 86 00 45 33 ed 4c 8b
0x00007ff8be68cab6:   b5 80 00 00 00 4c 8b fa 48 8b bd 88 00 00 00 4d
0x00007ff8be68cac6:   8b c6 49 8b d6 49 8b f1 48 8b 48 38 48 8b 59 48
0x00007ff8be68cad6:   49 8b cf c7 45 c0 ff ff ff ff 44 89 6d d4 4c 89 


Stack slot to memory mapping:
stack at sp + 0 slots: 0x00007ff8be7da4ea jvm.dll
stack at sp + 1 slots: 0x00000000867438e8 is pointing into object: [B 
{0x0000000086743878} - klass: {type array byte}
 - length: 160
stack at sp + 2 slots: 0x00000001005a0ad0 is pointing into metadata
stack at sp + 3 slots: 0x0000009e7d3fd510 points into unknown readable memory: 0x00000000000000a2 | a2 00 00 00 00 00 00 00
stack at sp + 4 slots: 0x0000009e1730f698 points into unknown readable memory: 0x00007ff8bed1ef20 | 20 ef d1 be f8 7f 00 00
stack at sp + 5 slots: 0x00000001005a0ad8 is a pointer to class: 
org.gradle.api.internal.artifacts.DefaultResolvableArtifact$1 {0x00000001005a0ae0}
stack at sp + 6 slots: 0x00007ff8be7da396 jvm.dll
stack at sp + 7 slots: 0x00000001005a0ad0 is pointing into metadata


---------------  P R O C E S S  ---------------

Threads class SMR info:
_java_thread_list=0x0000009e1e2c44e0, length=42, elements={
0x0000009e7f96a800, 0x0000009e19abe800, 0x0000009e19ac0000, 0x0000009e19ae2800,
0x0000009e19ae3800, 0x0000009e19ae4800, 0x0000009e19b2a800, 0x0000009e19b38800,
0x0000009e19b41800, 0x0000009e1af04000, 0x0000009e1c65d800, 0x0000009e1da51000,
0x0000009e1e100800, 0x0000009e1e0b6000, 0x0000009e1e0b7000, 0x0000009e1e0b8800,
0x0000009e1ec06800, 0x0000009e1ec07800, 0x0000009e1ec08000, 0x0000009e1ec09000,
0x0000009e1ec03800, 0x0000009e1ec04000, 0x0000009e1ec06000, 0x0000009e1ec0e800,
0x0000009e21953800, 0x0000009e21955800, 0x0000009e21958000, 0x0000009e1ec0a800,
0x0000009e1ec05000, 0x0000009e1ec0b800, 0x0000009e1ec12000, 0x0000009e1ec10800,
0x0000009e1ec0c800, 0x0000009e1ec0d000, 0x0000009e1ec0e000, 0x0000009e1ec11000,
0x0000009e21956000, 0x0000009e21959800, 0x0000009e21957000, 0x0000009e2195a800,
0x0000009e21954800, 0x0000009e2195f000
}

Java Threads: ( => current thread )
  0x0000009e7f96a800 JavaThread "main" [_thread_blocked, id=1628, stack(0x0000009e7f050000,0x0000009e7f150000)]
  0x0000009e19abe800 JavaThread "Reference Handler" daemon [_thread_blocked, id=5944, stack(0x0000009e1a450000,0x0000009e1a550000)]
  0x0000009e19ac0000 JavaThread "Finalizer" daemon [_thread_blocked, id=1304, stack(0x0000009e1a550000,0x0000009e1a650000)]
  0x0000009e19ae2800 JavaThread "Signal Dispatcher" daemon [_thread_blocked, id=4124, stack(0x0000009e1a760000,0x0000009e1a860000)]
  0x0000009e19ae3800 JavaThread "Attach Listener" daemon [_thread_blocked, id=1488, stack(0x0000009e1a860000,0x0000009e1a960000)]
  0x0000009e19ae4800 JavaThread "Service Thread" daemon [_thread_blocked, id=4604, stack(0x0000009e1a960000,0x0000009e1aa60000)]
  0x0000009e19b2a800 JavaThread "C2 CompilerThread0" daemon [_thread_blocked, id=4444, stack(0x0000009e1aa60000,0x0000009e1ab60000)]
  0x0000009e19b38800 JavaThread "C1 CompilerThread0" daemon [_thread_blocked, id=6556, stack(0x0000009e1ab60000,0x0000009e1ac60000)]
  0x0000009e19b41800 JavaThread "Sweeper thread" daemon [_thread_blocked, id=3156, stack(0x0000009e1ac60000,0x0000009e1ad60000)]
  0x0000009e1af04000 JavaThread "Common-Cleaner" daemon [_thread_blocked, id=5912, stack(0x0000009e1b160000,0x0000009e1b260000)]
  0x0000009e1c65d800 JavaThread "Daemon health stats" [_thread_blocked, id=6204, stack(0x0000009e1f0d0000,0x0000009e1f1d0000)]
  0x0000009e1da51000 JavaThread "Incoming local TCP Connector on port 50457" [_thread_in_native, id=4196, stack(0x0000009e1f5e0000,0x0000009e1f6e0000)]
  0x0000009e1e100800 JavaThread "Daemon periodic checks" [_thread_blocked, id=4068, stack(0x0000009e1f3d0000,0x0000009e1f4d0000)]
  0x0000009e1e0b6000 JavaThread "Cache worker for file hash cache (C:\Users\DOOM\Desktop\MovieGuide-master\caches\7.0.2\fileHashes)" [_thread_blocked, id=5444, stack(0x0000009e1bb60000,0x0000009e1bc60000)]
  0x0000009e1e0b7000 JavaThread "File lock request listener" [_thread_in_native, id=3904, stack(0x0000009e208a0000,0x0000009e209a0000)]
  0x0000009e1e0b8800 JavaThread "Cache worker for journal cache (C:\Users\DOOM\Desktop\MovieGuide-master\caches\journal-1)" [_thread_blocked, id=6452, stack(0x0000009e20ba0000,0x0000009e20ca0000)]
  0x0000009e1ec06800 JavaThread "File watcher server" daemon [_thread_in_native, id=3040, stack(0x0000009e21e70000,0x0000009e21f70000)]
  0x0000009e1ec07800 JavaThread "File watcher consumer" daemon [_thread_blocked, id=6020, stack(0x0000009e21f70000,0x0000009e22070000)]
  0x0000009e1ec08000 JavaThread "jar transforms" [_thread_blocked, id=4996, stack(0x0000009e22460000,0x0000009e22560000)]
  0x0000009e1ec09000 JavaThread "jar transforms Thread 2" [_thread_blocked, id=3860, stack(0x0000009e22560000,0x0000009e22660000)]
  0x0000009e1ec03800 JavaThread "jar transforms Thread 3" [_thread_blocked, id=5488, stack(0x0000009e22660000,0x0000009e22760000)]
  0x0000009e1ec04000 JavaThread "jar transforms Thread 4" [_thread_blocked, id=3368, stack(0x0000009e22760000,0x0000009e22860000)]
  0x0000009e1ec06000 JavaThread "Cache worker for execution history cache (C:\Users\DOOM\Desktop\MovieGuide-master\caches\7.0.2\executionHistory)" [_thread_blocked, id=6156, stack(0x0000009e22d60000,0x0000009e22e60000)]
  0x0000009e1ec0e800 JavaThread "Cache worker for file content cache (C:\Users\DOOM\Desktop\MovieGuide-master\caches\7.0.2\fileContent)" [_thread_blocked, id=6952, stack(0x0000009e23660000,0x0000009e23760000)]
  0x0000009e21953800 JavaThread "Memory manager" [_thread_blocked, id=2168, stack(0x0000009e25420000,0x0000009e25520000)]
  0x0000009e21955800 JavaThread "Daemon Thread 2" [_thread_blocked, id=6984, stack(0x0000009e1f4d0000,0x0000009e1f5d0000)]
  0x0000009e21958000 JavaThread "Daemon worker Thread 2" [_thread_blocked, id=7060, stack(0x0000009e1ffa0000,0x0000009e200a0000)]
  0x0000009e1ec0a800 JavaThread "Handler for socket connection from /127.0.0.1:50457 to /127.0.0.1:50550" [_thread_in_native, id=6032, stack(0x0000009e1fa80000,0x0000009e1fb80000)]
  0x0000009e1ec05000 JavaThread "Cancel handler" [_thread_blocked, id=6724, stack(0x0000009e1fb80000,0x0000009e1fc80000)]
  0x0000009e1ec0b800 JavaThread "Asynchronous log dispatcher for DefaultDaemonConnection: socket connection from /127.0.0.1:50457 to /127.0.0.1:50550" [_thread_blocked, id=204, stack(0x0000009e203a0000,0x0000009e204a0000)]
  0x0000009e1ec12000 JavaThread "Stdin handler" [_thread_blocked, id=6256, stack(0x0000009e204a0000,0x0000009e205a0000)]
  0x0000009e1ec10800 JavaThread "Daemon client event forwarder" [_thread_blocked, id=3148, stack(0x0000009e205a0000,0x0000009e206a0000)]
  0x0000009e1ec0c800 JavaThread "Cache worker for file hash cache (C:\Users\DOOM\AndroidStudioProjects\timepass\.gradle\7.0.2\fileHashes)" [_thread_blocked, id=6320, stack(0x0000009e22070000,0x0000009e22170000)]
  0x0000009e1ec0d000 JavaThread "Cache worker for checksums cache (C:\Users\DOOM\AndroidStudioProjects\timepass\.gradle\checksums)" [_thread_blocked, id=1976, stack(0x0000009e22c60000,0x0000009e22d60000)]
  0x0000009e1ec0e000 JavaThread "Cache worker for cache directory md-supplier (C:\Users\DOOM\Desktop\MovieGuide-master\caches\7.0.2\md-supplier)" [_thread_blocked, id=3256, stack(0x0000009e23fe0000,0x0000009e240e0000)]
  0x0000009e1ec11000 JavaThread "Cache worker for cache directory md-rule (C:\Users\DOOM\Desktop\MovieGuide-master\caches\7.0.2\md-rule)" [_thread_blocked, id=2680, stack(0x0000009e246e0000,0x0000009e247e0000)]
  0x0000009e21956000 JavaThread "Cache worker for dependencies-accessors (C:\Users\DOOM\AndroidStudioProjects\timepass\.gradle\7.0.2\dependencies-accessors)" [_thread_blocked, id=4544, stack(0x0000009e247e0000,0x0000009e248e0000)]
  0x0000009e21959800 JavaThread "Cache worker for Build Output Cleanup Cache (C:\Users\DOOM\AndroidStudioProjects\timepass\.gradle\buildOutputCleanup)" [_thread_blocked, id=3032, stack(0x0000009e248e0000,0x0000009e249e0000)]
  0x0000009e21957000 JavaThread "Build operations" [_thread_blocked, id=4764, stack(0x0000009e249e0000,0x0000009e24ae0000)]
  0x0000009e2195a800 JavaThread "Build operations Thread 2" [_thread_in_native, id=6308, stack(0x0000009e24ae0000,0x0000009e24be0000)]
  0x0000009e21954800 JavaThread "Build operations Thread 3" [_thread_in_native, id=4348, stack(0x0000009e28520000,0x0000009e28620000)]
  0x0000009e2195f000 JavaThread "Build operations Thread 4" [_thread_blocked, id=1528, stack(0x0000009e28620000,0x0000009e28720000)]

Other Threads:
  0x0000009e19aba000 VMThread "VM Thread" [stack: 0x0000009e1a350000,0x0000009e1a450000] [id=704]
  0x0000009e1af09800 WatcherThread [stack: 0x0000009e1b260000,0x0000009e1b360000] [id=912]
  0x0000009e7f983000 GCTaskThread "GC Thread#0" [stack: 0x0000009e7f330000,0x0000009e7f430000] [id=1504]
  0x0000009e1b581800 GCTaskThread "GC Thread#1" [stack: 0x0000009e1cc30000,0x0000009e1cd30000] [id=3600]
  0x0000009e1e0bf800 GCTaskThread "GC Thread#2" [stack: 0x0000009e200a0000,0x0000009e201a0000] [id=5032]
  0x0000009e1cad0800 GCTaskThread "GC Thread#3" [stack: 0x0000009e201a0000,0x0000009e202a0000] [id=1956]
  0x0000009e7f9b2800 ConcurrentGCThread "G1 Main Marker" [stack: 0x0000009e7fe50000,0x0000009e7ff50000] [id=556]
=>0x0000009e7f9b5000 ConcurrentGCThread "G1 Conc#0" [stack: 0x0000009e17210000,0x0000009e17310000] [id=6824]
  0x0000009e7f9fe800 ConcurrentGCThread "G1 Refine#0" [stack: 0x0000009e19750000,0x0000009e19850000] [id=996]
  0x0000009e7fa00800 ConcurrentGCThread "G1 Young RemSet Sampling" [stack: 0x0000009e19850000,0x0000009e19950000] [id=6376]

Threads with active compile tasks:

VM state:not at safepoint (normal execution)

VM Mutex/Monitor currently owned by a thread: None

Heap address: 0x0000000080000000, size: 2048 MB, Compressed Oops mode: 32-bit
Narrow klass base: 0x0000000000000000, Narrow klass shift: 3
Compressed class space size: 1073741824 Address: 0x0000000100000000

Heap:
 garbage-first heap   total 187392K, used 124101K [0x0000000080000000, 0x0000000100000000)
  region size 1024K, 8 young (8192K), 3 survivors (3072K)
 Metaspace       used 116894K, capacity 120722K, committed 121088K, reserved 1155072K
  class space    used 14747K, capacity 16015K, committed 16128K, reserved 1048576K
Heap Regions: E=young(eden), S=young(survivor), O=old, HS=humongous(starts), HC=humongous(continues), CS=collection set, F=free, A=archive, TAMS=top-at-mark-start (previous, next)
|   0|0x0000000080000000, 0x0000000080100000, 0x0000000080100000|100%|HS|  |TAMS 0x0000000080100000, 0x0000000080100000| Complete 
|   1|0x0000000080100000, 0x0000000080200000, 0x0000000080200000|100%|HC|  |TAMS 0x0000000080200000, 0x0000000080200000| Complete 
|   2|0x0000000080200000, 0x0000000080300000, 0x0000000080300000|100%|HC|  |TAMS 0x0000000080300000, 0x0000000080300000| Complete 
|   3|0x0000000080300000, 0x0000000080400000, 0x0000000080400000|100%| O|  |TAMS 0x0000000080400000, 0x0000000080400000| Untracked 
|   4|0x0000000080400000, 0x0000000080500000, 0x0000000080500000|100%| O|  |TAMS 0x0000000080500000, 0x0000000080500000| Untracked 
|   5|0x0000000080500000, 0x0000000080600000, 0x0000000080600000|100%| O|  |TAMS 0x0000000080600000, 0x0000000080600000| Untracked 
|   6|0x0000000080600000, 0x0000000080700000, 0x0000000080700000|100%| O|  |TAMS 0x0000000080700000, 0x0000000080700000| Untracked 
|   7|0x0000000080700000, 0x0000000080800000, 0x0000000080800000|100%| O|  |TAMS 0x0000000080800000, 0x0000000080800000| Untracked 
|   8|0x0000000080800000, 0x0000000080900000, 0x0000000080900000|100%| O|  |TAMS 0x0000000080900000, 0x0000000080900000| Untracked 
|   9|0x0000000080900000, 0x0000000080a00000, 0x0000000080a00000|100%| O|  |TAMS 0x0000000080a00000, 0x0000000080a00000| Untracked 
|  10|0x0000000080a00000, 0x0000000080b00000, 0x0000000080b00000|100%| O|  |TAMS 0x0000000080b00000, 0x0000000080b00000| Untracked 
|  11|0x0000000080b00000, 0x0000000080c00000, 0x0000000080c00000|100%| O|  |TAMS 0x0000000080c00000, 0x0000000080c00000| Untracked 
|  12|0x0000000080c00000, 0x0000000080d00000, 0x0000000080d00000|100%| O|  |TAMS 0x0000000080d00000, 0x0000000080d00000| Untracked 
|  13|0x0000000080d00000, 0x0000000080e00000, 0x0000000080e00000|100%| O|  |TAMS 0x0000000080e00000, 0x0000000080e00000| Untracked 
|  14|0x0000000080e00000, 0x0000000080f00000, 0x0000000080f00000|100%| O|  |TAMS 0x0000000080f00000, 0x0000000080f00000| Untracked 
|  15|0x0000000080f00000, 0x0000000081000000, 0x0000000081000000|100%| O|  |TAMS 0x0000000081000000, 0x0000000081000000| Untracked 
|  16|0x0000000081000000, 0x0000000081100000, 0x0000000081100000|100%|HS|  |TAMS 0x0000000081100000, 0x0000000081100000| Complete 
|  17|0x0000000081100000, 0x0000000081200000, 0x0000000081200000|100%|HC|  |TAMS 0x0000000081200000, 0x0000000081200000| Complete 
|  18|0x0000000081200000, 0x0000000081300000, 0x0000000081300000|100%|HS|  |TAMS 0x0000000081300000, 0x0000000081300000| Complete 
|  19|0x0000000081300000, 0x0000000081400000, 0x0000000081400000|100%|HC|  |TAMS 0x0000000081400000, 0x0000000081400000| Complete 
|  20|0x0000000081400000, 0x0000000081500000, 0x0000000081500000|100%|HC|  |TAMS 0x0000000081500000, 0x0000000081500000| Complete 
|  21|0x0000000081500000, 0x0000000081600000, 0x0000000081600000|100%|HS|  |TAMS 0x0000000081600000, 0x0000000081600000| Complete 
|  22|0x0000000081600000, 0x0000000081700000, 0x0000000081700000|100%|HC|  |TAMS 0x0000000081700000, 0x0000000081700000| Complete 
|  23|0x0000000081700000, 0x0000000081800000, 0x0000000081800000|100%|HC|  |TAMS 0x0000000081800000, 0x0000000081800000| Complete 
|  24|0x0000000081800000, 0x0000000081900000, 0x0000000081900000|100%|HC|  |TAMS 0x0000000081900000, 0x0000000081900000| Complete 
|  25|0x0000000081900000, 0x0000000081a00000, 0x0000000081a00000|100%|HC|  |TAMS 0x0000000081a00000, 0x0000000081a00000| Complete 
|  26|0x0000000081a00000, 0x0000000081b00000, 0x0000000081b00000|100%| O|  |TAMS 0x0000000081b00000, 0x0000000081b00000| Untracked 
|  27|0x0000000081b00000, 0x0000000081c00000, 0x0000000081c00000|100%| O|  |TAMS 0x0000000081c00000, 0x0000000081c00000| Untracked 
|  28|0x0000000081c00000, 0x0000000081d00000, 0x0000000081d00000|100%| O|  |TAMS 0x0000000081d00000, 0x0000000081d00000| Untracked 
|  29|0x0000000081d00000, 0x0000000081e00000, 0x0000000081e00000|100%| O|  |TAMS 0x0000000081e00000, 0x0000000081e00000| Untracked 
|  30|0x0000000081e00000, 0x0000000081f00000, 0x0000000081f00000|100%| O|  |TAMS 0x0000000081f00000, 0x0000000081f00000| Untracked 
|  31|0x0000000081f00000, 0x0000000082000000, 0x0000000082000000|100%| O|  |TAMS 0x0000000082000000, 0x0000000082000000| Untracked 
|  32|0x0000000082000000, 0x0000000082100000, 0x0000000082100000|100%| O|  |TAMS 0x0000000082100000, 0x0000000082100000| Untracked 
|  33|0x0000000082100000, 0x0000000082200000, 0x0000000082200000|100%| O|  |TAMS 0x0000000082200000, 0x0000000082200000| Untracked 
|  34|0x0000000082200000, 0x0000000082300000, 0x0000000082300000|100%| O|  |TAMS 0x0000000082300000, 0x0000000082300000| Untracked 
|  35|0x0000000082300000, 0x0000000082400000, 0x0000000082400000|100%| O|  |TAMS 0x0000000082400000, 0x0000000082400000| Untracked 
|  36|0x0000000082400000, 0x0000000082500000, 0x0000000082500000|100%| O|  |TAMS 0x0000000082500000, 0x0000000082500000| Untracked 
|  37|0x0000000082500000, 0x0000000082600000, 0x0000000082600000|100%| O|  |TAMS 0x0000000082600000, 0x0000000082600000| Untracked 
|  38|0x0000000082600000, 0x0000000082700000, 0x0000000082700000|100%| O|  |TAMS 0x0000000082700000, 0x0000000082700000| Untracked 
|  39|0x0000000082700000, 0x0000000082800000, 0x0000000082800000|100%| O|  |TAMS 0x0000000082800000, 0x0000000082800000| Untracked 
|  40|0x0000000082800000, 0x0000000082900000, 0x0000000082900000|100%|HS|  |TAMS 0x0000000082900000, 0x0000000082900000| Complete 
|  41|0x0000000082900000, 0x0000000082a00000, 0x0000000082a00000|100%|HC|  |TAMS 0x0000000082a00000, 0x0000000082a00000| Complete 
|  42|0x0000000082a00000, 0x0000000082b00000, 0x0000000082b00000|100%|HC|  |TAMS 0x0000000082b00000, 0x0000000082b00000| Complete 
|  43|0x0000000082b00000, 0x0000000082c00000, 0x0000000082c00000|100%|HC|  |TAMS 0x0000000082c00000, 0x0000000082c00000| Complete 
|  44|0x0000000082c00000, 0x0000000082d00000, 0x0000000082d00000|100%|HC|  |TAMS 0x0000000082d00000, 0x0000000082d00000| Complete 
|  45|0x0000000082d00000, 0x0000000082e00000, 0x0000000082e00000|100%|HS|  |TAMS 0x0000000082e00000, 0x0000000082e00000| Complete 
|  46|0x0000000082e00000, 0x0000000082f00000, 0x0000000082f00000|100%|HC|  |TAMS 0x0000000082f00000, 0x0000000082f00000| Complete 
|  47|0x0000000082f00000, 0x0000000083000000, 0x0000000083000000|100%|HC|  |TAMS 0x0000000083000000, 0x0000000083000000| Complete 
|  48|0x0000000083000000, 0x0000000083100000, 0x0000000083100000|100%| O|  |TAMS 0x0000000083100000, 0x0000000083100000| Untracked 
|  49|0x0000000083100000, 0x0000000083200000, 0x0000000083200000|100%| O|  |TAMS 0x0000000083200000, 0x0000000083200000| Untracked 
|  50|0x0000000083200000, 0x0000000083300000, 0x0000000083300000|100%| O|  |TAMS 0x0000000083300000, 0x0000000083300000| Untracked 
|  51|0x0000000083300000, 0x0000000083400000, 0x0000000083400000|100%| O|  |TAMS 0x0000000083400000, 0x0000000083400000| Untracked 
|  52|0x0000000083400000, 0x0000000083500000, 0x0000000083500000|100%| O|  |TAMS 0x0000000083500000, 0x0000000083500000| Untracked 
|  53|0x0000000083500000, 0x0000000083600000, 0x0000000083600000|100%| O|  |TAMS 0x0000000083600000, 0x0000000083600000| Untracked 
|  54|0x0000000083600000, 0x0000000083700000, 0x0000000083700000|100%| O|  |TAMS 0x0000000083700000, 0x0000000083700000| Untracked 
|  55|0x0000000083700000, 0x0000000083800000, 0x0000000083800000|100%| O|  |TAMS 0x0000000083800000, 0x0000000083800000| Untracked 
|  56|0x0000000083800000, 0x0000000083900000, 0x0000000083900000|100%| O|  |TAMS 0x0000000083900000, 0x0000000083900000| Untracked 
|  57|0x0000000083900000, 0x0000000083a00000, 0x0000000083a00000|100%| O|  |TAMS 0x0000000083a00000, 0x0000000083a00000| Untracked 
|  58|0x0000000083a00000, 0x0000000083b00000, 0x0000000083b00000|100%|HS|  |TAMS 0x0000000083b00000, 0x0000000083b00000| Complete 
|  59|0x0000000083b00000, 0x0000000083c00000, 0x0000000083c00000|100%| O|  |TAMS 0x0000000083c00000, 0x0000000083c00000| Untracked 
|  60|0x0000000083c00000, 0x0000000083c00000, 0x0000000083d00000|  0%| F|  |TAMS 0x0000000083c00000, 0x0000000083c00000| Untracked 
|  61|0x0000000083d00000, 0x0000000083e00000, 0x0000000083e00000|100%| O|  |TAMS 0x0000000083e00000, 0x0000000083e00000| Untracked 
|  62|0x0000000083e00000, 0x0000000083f00000, 0x0000000083f00000|100%|HS|  |TAMS 0x0000000083f00000, 0x0000000083f00000| Complete 
|  63|0x0000000083f00000, 0x0000000084000000, 0x0000000084000000|100%|HS|  |TAMS 0x0000000084000000, 0x0000000084000000| Complete 
|  64|0x0000000084000000, 0x0000000084100000, 0x0000000084100000|100%|HC|  |TAMS 0x0000000084100000, 0x0000000084100000| Complete 
|  65|0x0000000084100000, 0x0000000084200000, 0x0000000084200000|100%| O|  |TAMS 0x0000000084200000, 0x0000000084200000| Untracked 
|  66|0x0000000084200000, 0x0000000084300000, 0x0000000084300000|100%| O|  |TAMS 0x0000000084300000, 0x0000000084300000| Untracked 
|  67|0x0000000084300000, 0x0000000084400000, 0x0000000084400000|100%| O|  |TAMS 0x0000000084400000, 0x0000000084400000| Untracked 
|  68|0x0000000084400000, 0x0000000084500000, 0x0000000084500000|100%| O|  |TAMS 0x0000000084500000, 0x0000000084500000| Untracked 
|  69|0x0000000084500000, 0x0000000084600000, 0x0000000084600000|100%| O|  |TAMS 0x0000000084600000, 0x0000000084600000| Untracked 
|  70|0x0000000084600000, 0x0000000084700000, 0x0000000084700000|100%| O|  |TAMS 0x0000000084700000, 0x0000000084700000| Untracked 
|  71|0x0000000084700000, 0x0000000084800000, 0x0000000084800000|100%| O|  |TAMS 0x0000000084800000, 0x0000000084800000| Untracked 
|  72|0x0000000084800000, 0x0000000084900000, 0x0000000084900000|100%| O|  |TAMS 0x0000000084900000, 0x0000000084900000| Untracked 
|  73|0x0000000084900000, 0x0000000084a00000, 0x0000000084a00000|100%| O|  |TAMS 0x0000000084a00000, 0x0000000084a00000| Untracked 
|  74|0x0000000084a00000, 0x0000000084b00000, 0x0000000084b00000|100%| O|  |TAMS 0x0000000084b00000, 0x0000000084b00000| Untracked 
|  75|0x0000000084b00000, 0x0000000084c00000, 0x0000000084c00000|100%| O|  |TAMS 0x0000000084c00000, 0x0000000084c00000| Untracked 
|  76|0x0000000084c00000, 0x0000000084d00000, 0x0000000084d00000|100%| O|  |TAMS 0x0000000084d00000, 0x0000000084d00000| Untracked 
|  77|0x0000000084d00000, 0x0000000084e00000, 0x0000000084e00000|100%| O|  |TAMS 0x0000000084e00000, 0x0000000084e00000| Untracked 
|  78|0x0000000084e00000, 0x0000000084f00000, 0x0000000084f00000|100%| O|  |TAMS 0x0000000084f00000, 0x0000000084f00000| Untracked 
|  79|0x0000000084f00000, 0x0000000085000000, 0x0000000085000000|100%| O|  |TAMS 0x0000000085000000, 0x0000000085000000| Untracked 
|  80|0x0000000085000000, 0x0000000085100000, 0x0000000085100000|100%| O|  |TAMS 0x0000000085100000, 0x0000000085100000| Untracked 
|  81|0x0000000085100000, 0x0000000085200000, 0x0000000085200000|100%| O|  |TAMS 0x0000000085200000, 0x0000000085200000| Untracked 
|  82|0x0000000085200000, 0x0000000085300000, 0x0000000085300000|100%| O|  |TAMS 0x0000000085300000, 0x0000000085300000| Untracked 
|  83|0x0000000085300000, 0x0000000085400000, 0x0000000085400000|100%| O|  |TAMS 0x0000000085400000, 0x0000000085400000| Untracked 
|  84|0x0000000085400000, 0x0000000085500000, 0x0000000085500000|100%| O|  |TAMS 0x0000000085500000, 0x0000000085500000| Untracked 
|  85|0x0000000085500000, 0x0000000085500000, 0x0000000085600000|  0%| F|  |TAMS 0x0000000085500000, 0x0000000085500000| Untracked 
|  86|0x0000000085600000, 0x0000000085700000, 0x0000000085700000|100%| O|  |TAMS 0x0000000085700000, 0x0000000085700000| Untracked 
|  87|0x0000000085700000, 0x0000000085800000, 0x0000000085800000|100%| O|  |TAMS 0x0000000085800000, 0x0000000085800000| Untracked 
|  88|0x0000000085800000, 0x0000000085900000, 0x0000000085900000|100%| O|  |TAMS 0x0000000085900000, 0x0000000085900000| Untracked 
|  89|0x0000000085900000, 0x0000000085a00000, 0x0000000085a00000|100%| O|  |TAMS 0x0000000085a00000, 0x0000000085a00000| Untracked 
|  90|0x0000000085a00000, 0x0000000085b00000, 0x0000000085b00000|100%| O|  |TAMS 0x0000000085b00000, 0x0000000085b00000| Untracked 
|  91|0x0000000085b00000, 0x0000000085c00000, 0x0000000085c00000|100%| O|  |TAMS 0x0000000085c00000, 0x0000000085c00000| Untracked 
|  92|0x0000000085c00000, 0x0000000085d00000, 0x0000000085d00000|100%| O|  |TAMS 0x0000000085d00000, 0x0000000085d00000| Untracked 
|  93|0x0000000085d00000, 0x0000000085e00000, 0x0000000085e00000|100%| O|  |TAMS 0x0000000085e00000, 0x0000000085e00000| Untracked 
|  94|0x0000000085e00000, 0x0000000085f00000, 0x0000000085f00000|100%| O|  |TAMS 0x0000000085f00000, 0x0000000085f00000| Untracked 
|  95|0x0000000085f00000, 0x0000000086000000, 0x0000000086000000|100%| O|  |TAMS 0x0000000086000000, 0x0000000086000000| Untracked 
|  96|0x0000000086000000, 0x0000000086100000, 0x0000000086100000|100%| O|  |TAMS 0x0000000086100000, 0x0000000086100000| Untracked 
|  97|0x0000000086100000, 0x0000000086200000, 0x0000000086200000|100%| O|  |TAMS 0x0000000086200000, 0x0000000086200000| Untracked 
|  98|0x0000000086200000, 0x0000000086300000, 0x0000000086300000|100%| O|  |TAMS 0x0000000086300000, 0x0000000086300000| Untracked 
|  99|0x0000000086300000, 0x0000000086300000, 0x0000000086400000|  0%| F|  |TAMS 0x0000000086300000, 0x0000000086300000| Untracked 
| 100|0x0000000086400000, 0x0000000086500000, 0x0000000086500000|100%| O|  |TAMS 0x0000000086400000, 0x0000000086500000| Untracked 
| 101|0x0000000086500000, 0x0000000086600000, 0x0000000086600000|100%| O|  |TAMS 0x0000000086600000, 0x0000000086600000| Untracked 
| 102|0x0000000086600000, 0x0000000086700000, 0x0000000086700000|100%| O|  |TAMS 0x0000000086700000, 0x0000000086700000| Untracked 
| 103|0x0000000086700000, 0x0000000086800000, 0x0000000086800000|100%| O|  |TAMS 0x0000000086700000, 0x0000000086800000| Untracked 
| 104|0x0000000086800000, 0x0000000086900000, 0x0000000086900000|100%| O|  |TAMS 0x0000000086800000, 0x0000000086900000| Untracked 
| 105|0x0000000086900000, 0x0000000086a00000, 0x0000000086a00000|100%| O|  |TAMS 0x0000000086a00000, 0x0000000086a00000| Untracked 
| 106|0x0000000086a00000, 0x0000000086b00000, 0x0000000086b00000|100%| O|  |TAMS 0x0000000086a00000, 0x0000000086b00000| Untracked 
| 107|0x0000000086b00000, 0x0000000086c00000, 0x0000000086c00000|100%| O|  |TAMS 0x0000000086b00000, 0x0000000086c00000| Untracked 
| 108|0x0000000086c00000, 0x0000000086d00000, 0x0000000086d00000|100%| O|  |TAMS 0x0000000086c00000, 0x0000000086d00000| Untracked 
| 109|0x0000000086d00000, 0x0000000086e00000, 0x0000000086e00000|100%| O|  |TAMS 0x0000000086d00000, 0x0000000086e00000| Untracked 
| 110|0x0000000086e00000, 0x0000000086e00000, 0x0000000086f00000|  0%| F|  |TAMS 0x0000000086e00000, 0x0000000086e00000| Untracked 
| 111|0x0000000086f00000, 0x0000000086f00000, 0x0000000087000000|  0%| F|  |TAMS 0x0000000086f00000, 0x0000000086f00000| Untracked 
| 112|0x0000000087000000, 0x0000000087000000, 0x0000000087100000|  0%| F|  |TAMS 0x0000000087000000, 0x0000000087000000| Untracked 
| 113|0x0000000087100000, 0x0000000087100000, 0x0000000087200000|  0%| F|  |TAMS 0x0000000087100000, 0x0000000087100000| Untracked 
| 114|0x0000000087200000, 0x0000000087200000, 0x0000000087300000|  0%| F|  |TAMS 0x0000000087200000, 0x0000000087200000| Untracked 
| 115|0x0000000087300000, 0x0000000087300000, 0x0000000087400000|  0%| F|  |TAMS 0x0000000087300000, 0x0000000087300000| Untracked 
| 116|0x0000000087400000, 0x0000000087500000, 0x0000000087500000|100%| O|  |TAMS 0x0000000087500000, 0x0000000087500000| Untracked 
| 117|0x0000000087500000, 0x0000000087600000, 0x0000000087600000|100%| O|  |TAMS 0x0000000087600000, 0x0000000087600000| Untracked 
| 118|0x0000000087600000, 0x0000000087700000, 0x0000000087700000|100%| O|  |TAMS 0x0000000087700000, 0x0000000087700000| Untracked 
| 119|0x0000000087700000, 0x0000000087700000, 0x0000000087800000|  0%| F|  |TAMS 0x0000000087700000, 0x0000000087700000| Untracked 
| 120|0x0000000087800000, 0x0000000087900000, 0x0000000087900000|100%| O|  |TAMS 0x0000000087900000, 0x0000000087900000| Untracked 
| 121|0x0000000087900000, 0x0000000087a00000, 0x0000000087a00000|100%| O|  |TAMS 0x000000008799a200, 0x0000000087a00000| Untracked 
| 122|0x0000000087a00000, 0x0000000087b00000, 0x0000000087b00000|100%| O|  |TAMS 0x0000000087a00000, 0x0000000087b00000| Untracked 
| 123|0x0000000087b00000, 0x0000000087c00000, 0x0000000087c00000|100%| O|  |TAMS 0x0000000087b00000, 0x0000000087c00000| Untracked 
| 124|0x0000000087c00000, 0x0000000087c50a00, 0x0000000087d00000| 31%| O|  |TAMS 0x0000000087c00000, 0x0000000087c50a00| Untracked 
| 125|0x0000000087d00000, 0x0000000087d00000, 0x0000000087e00000|  0%| F|  |TAMS 0x0000000087d00000, 0x0000000087d00000| Untracked 
| 126|0x0000000087e00000, 0x0000000087e00000, 0x0000000087f00000|  0%| F|  |TAMS 0x0000000087e00000, 0x0000000087e00000| Untracked 
| 127|0x0000000087f00000, 0x0000000087f00000, 0x0000000088000000|  0%| F|  |TAMS 0x0000000087f00000, 0x0000000087f00000| Untracked 
| 128|0x0000000088000000, 0x0000000088000000, 0x0000000088100000|  0%| F|  |TAMS 0x0000000088000000, 0x0000000088000000| Untracked 
| 129|0x0000000088100000, 0x0000000088100000, 0x0000000088200000|  0%| F|  |TAMS 0x0000000088100000, 0x0000000088100000| Untracked 
| 130|0x0000000088200000, 0x0000000088200000, 0x0000000088300000|  0%| F|  |TAMS 0x0000000088200000, 0x0000000088200000| Untracked 
| 131|0x0000000088300000, 0x0000000088300000, 0x0000000088400000|  0%| F|  |TAMS 0x0000000088300000, 0x0000000088300000| Untracked 
| 132|0x0000000088400000, 0x0000000088400000, 0x0000000088500000|  0%| F|  |TAMS 0x0000000088400000, 0x0000000088400000| Untracked 
| 133|0x0000000088500000, 0x0000000088500000, 0x0000000088600000|  0%| F|  |TAMS 0x0000000088500000, 0x0000000088500000| Untracked 
| 134|0x0000000088600000, 0x0000000088600000, 0x0000000088700000|  0%| F|  |TAMS 0x0000000088600000, 0x0000000088600000| Untracked 
| 135|0x0000000088700000, 0x0000000088700000, 0x0000000088800000|  0%| F|  |TAMS 0x0000000088700000, 0x0000000088700000| Untracked 
| 136|0x0000000088800000, 0x0000000088800000, 0x0000000088900000|  0%| F|  |TAMS 0x0000000088800000, 0x0000000088800000| Untracked 
| 137|0x0000000088900000, 0x0000000088900000, 0x0000000088a00000|  0%| F|  |TAMS 0x0000000088900000, 0x0000000088900000| Untracked 
| 138|0x0000000088a00000, 0x0000000088a00000, 0x0000000088b00000|  0%| F|  |TAMS 0x0000000088a00000, 0x0000000088a00000| Untracked 
| 139|0x0000000088b00000, 0x0000000088b00000, 0x0000000088c00000|  0%| F|  |TAMS 0x0000000088b00000, 0x0000000088b00000| Untracked 
| 140|0x0000000088c00000, 0x0000000088c00000, 0x0000000088d00000|  0%| F|  |TAMS 0x0000000088c00000, 0x0000000088c00000| Untracked 
| 141|0x0000000088d00000, 0x0000000088d00000, 0x0000000088e00000|  0%| F|  |TAMS 0x0000000088d00000, 0x0000000088d00000| Untracked 
| 142|0x0000000088e00000, 0x0000000088e00000, 0x0000000088f00000|  0%| F|  |TAMS 0x0000000088e00000, 0x0000000088e00000| Untracked 
| 143|0x0000000088f00000, 0x0000000088fe0c60, 0x0000000089000000| 87%| S|CS|TAMS 0x0000000088f00000, 0x0000000088f00000| Complete 
| 144|0x0000000089000000, 0x0000000089100000, 0x0000000089100000|100%| S|CS|TAMS 0x0000000089000000, 0x0000000089000000| Complete 
| 145|0x0000000089100000, 0x0000000089200000, 0x0000000089200000|100%| S|CS|TAMS 0x0000000089100000, 0x0000000089100000| Complete 
| 146|0x0000000089200000, 0x0000000089200000, 0x0000000089300000|  0%| F|  |TAMS 0x0000000089200000, 0x0000000089200000| Untracked 
| 147|0x0000000089300000, 0x0000000089300000, 0x0000000089400000|  0%| F|  |TAMS 0x0000000089300000, 0x0000000089300000| Untracked 
| 148|0x0000000089400000, 0x0000000089400000, 0x0000000089500000|  0%| F|  |TAMS 0x0000000089400000, 0x0000000089400000| Untracked 
| 149|0x0000000089500000, 0x0000000089500000, 0x0000000089600000|  0%| F|  |TAMS 0x0000000089500000, 0x0000000089500000| Untracked 
| 150|0x0000000089600000, 0x0000000089600000, 0x0000000089700000|  0%| F|  |TAMS 0x0000000089600000, 0x0000000089600000| Untracked 
| 151|0x0000000089700000, 0x0000000089700000, 0x0000000089800000|  0%| F|  |TAMS 0x0000000089700000, 0x0000000089700000| Untracked 
| 152|0x0000000089800000, 0x0000000089800000, 0x0000000089900000|  0%| F|  |TAMS 0x0000000089800000, 0x0000000089800000| Untracked 
| 153|0x0000000089900000, 0x0000000089900000, 0x0000000089a00000|  0%| F|  |TAMS 0x0000000089900000, 0x0000000089900000| Untracked 
| 154|0x0000000089a00000, 0x0000000089a00000, 0x0000000089b00000|  0%| F|  |TAMS 0x0000000089a00000, 0x0000000089a00000| Untracked 
| 155|0x0000000089b00000, 0x0000000089b00000, 0x0000000089c00000|  0%| F|  |TAMS 0x0000000089b00000, 0x0000000089b00000| Untracked 
| 156|0x0000000089c00000, 0x0000000089c00000, 0x0000000089d00000|  0%| F|  |TAMS 0x0000000089c00000, 0x0000000089c00000| Untracked 
| 157|0x0000000089d00000, 0x0000000089d00000, 0x0000000089e00000|  0%| F|  |TAMS 0x0000000089d00000, 0x0000000089d00000| Untracked 
| 158|0x0000000089e00000, 0x0000000089e00000, 0x0000000089f00000|  0%| F|  |TAMS 0x0000000089e00000, 0x0000000089e00000| Untracked 
| 159|0x0000000089f00000, 0x0000000089f00000, 0x000000008a000000|  0%| F|  |TAMS 0x0000000089f00000, 0x0000000089f00000| Untracked 
| 160|0x000000008a000000, 0x000000008a000000, 0x000000008a100000|  0%| F|  |TAMS 0x000000008a000000, 0x000000008a000000| Untracked 
| 161|0x000000008a100000, 0x000000008a100000, 0x000000008a200000|  0%| F|  |TAMS 0x000000008a100000, 0x000000008a100000| Untracked 
| 162|0x000000008a200000, 0x000000008a200000, 0x000000008a300000|  0%| F|  |TAMS 0x000000008a200000, 0x000000008a200000| Untracked 
| 163|0x000000008a300000, 0x000000008a300000, 0x000000008a400000|  0%| F|  |TAMS 0x000000008a300000, 0x000000008a300000| Untracked 
| 164|0x000000008a400000, 0x000000008a400000, 0x000000008a500000|  0%| F|  |TAMS 0x000000008a400000, 0x000000008a400000| Untracked 
| 165|0x000000008a500000, 0x000000008a500000, 0x000000008a600000|  0%| F|  |TAMS 0x000000008a500000, 0x000000008a500000| Untracked 
| 166|0x000000008a600000, 0x000000008a600000, 0x000000008a700000|  0%| F|  |TAMS 0x000000008a600000, 0x000000008a600000| Untracked 
| 167|0x000000008a700000, 0x000000008a700000, 0x000000008a800000|  0%| F|  |TAMS 0x000000008a700000, 0x000000008a700000| Untracked 
| 168|0x000000008a800000, 0x000000008a800000, 0x000000008a900000|  0%| F|  |TAMS 0x000000008a800000, 0x000000008a800000| Untracked 
| 169|0x000000008a900000, 0x000000008a900000, 0x000000008aa00000|  0%| F|  |TAMS 0x000000008a900000, 0x000000008a900000| Untracked 
| 170|0x000000008aa00000, 0x000000008aa00000, 0x000000008ab00000|  0%| F|  |TAMS 0x000000008aa00000, 0x000000008aa00000| Untracked 
| 171|0x000000008ab00000, 0x000000008ab00000, 0x000000008ac00000|  0%| F|  |TAMS 0x000000008ab00000, 0x000000008ab00000| Untracked 
| 172|0x000000008ac00000, 0x000000008ac00000, 0x000000008ad00000|  0%| F|  |TAMS 0x000000008ac00000, 0x000000008ac00000| Untracked 
| 173|0x000000008ad00000, 0x000000008ad00000, 0x000000008ae00000|  0%| F|  |TAMS 0x000000008ad00000, 0x000000008ad00000| Untracked 
| 174|0x000000008ae00000, 0x000000008ae00000, 0x000000008af00000|  0%| F|  |TAMS 0x000000008ae00000, 0x000000008ae00000| Untracked 
| 175|0x000000008af00000, 0x000000008af00000, 0x000000008b000000|  0%| F|  |TAMS 0x000000008af00000, 0x000000008af00000| Untracked 
| 176|0x000000008b000000, 0x000000008b000000, 0x000000008b100000|  0%| F|  |TAMS 0x000000008b000000, 0x000000008b000000| Untracked 
| 177|0x000000008b100000, 0x000000008b100000, 0x000000008b200000|  0%| F|  |TAMS 0x000000008b100000, 0x000000008b100000| Untracked 
| 178|0x000000008b200000, 0x000000008b2049c8, 0x000000008b300000|  1%| E|  |TAMS 0x000000008b200000, 0x000000008b200000| Complete 
| 179|0x000000008b300000, 0x000000008b400000, 0x000000008b400000|100%| E|CS|TAMS 0x000000008b300000, 0x000000008b300000| Complete 
| 180|0x000000008b400000, 0x000000008b500000, 0x000000008b500000|100%| E|CS|TAMS 0x000000008b400000, 0x000000008b400000| Complete 
| 181|0x000000008b500000, 0x000000008b600000, 0x000000008b600000|100%| E|CS|TAMS 0x000000008b500000, 0x000000008b500000| Complete 
| 182|0x000000008b600000, 0x000000008b700000, 0x000000008b700000|100%| E|CS|TAMS 0x000000008b600000, 0x000000008b600000| Complete 

Card table byte_map: [0x0000009e12a10000,0x0000009e12e10000] _byte_map_base: 0x0000009e12610000

Marking Bits (Prev, Next): (CMBitMap*) 0x0000009e7f9a9ad0, (CMBitMap*) 0x0000009e7f9a9a98
 Prev Bits: [0x0000009e15210000, 0x0000009e17210000)
 Next Bits: [0x0000009e13210000, 0x0000009e15210000)

Polling page: 0x0000009e7d830000

Metaspace:

Usage:
  Non-class:    102.25 MB capacity,    99.75 MB ( 98%) used,     2.16 MB (  2%) free+waste,   349.75 KB ( <1%) overhead. 
      Class:     15.64 MB capacity,    14.40 MB ( 92%) used,     1.08 MB (  7%) free+waste,   161.06 KB (  1%) overhead. 
       Both:    117.89 MB capacity,   114.15 MB ( 97%) used,     3.24 MB (  3%) free+waste,   510.81 KB ( <1%) overhead. 

Virtual space:
  Non-class space:      104.00 MB reserved,     102.50 MB ( 99%) committed 
      Class space:        1.00 GB reserved,      15.75 MB (  2%) committed 
             Both:        1.10 GB reserved,     118.25 MB ( 10%) committed 

Chunk freelists:
   Non-Class:  0 bytes
       Class:  17.00 KB
        Both:  17.00 KB

MaxMetaspaceSize: 17179869184.00 GB
CompressedClassSpaceSize: 1.00 GB

CodeHeap 'non-profiled nmethods': size=120064Kb used=9902Kb max_used=9902Kb free=110161Kb
 bounds [0x0000009e0b4d0000, 0x0000009e0be80000, 0x0000009e12a10000]
CodeHeap 'profiled nmethods': size=120000Kb used=36637Kb max_used=36637Kb free=83362Kb
 bounds [0x0000009e03fa0000, 0x0000009e06370000, 0x0000009e0b4d0000]
CodeHeap 'non-nmethods': size=5696Kb used=2338Kb max_used=2389Kb free=3357Kb
 bounds [0x0000009e03a10000, 0x0000009e03c80000, 0x0000009e03fa0000]
 total_blobs=17063 nmethods=16104 adapters=869
 compilation: enabled
              stopped_count=0, restarted_count=0
 full_count=0

Compilation events (20 events):
Event: 861.486 Thread 0x0000009e19b38800 16300       3       org.gradle.api.internal.artifacts.ivyservice.ivyresolve.parser.PomReader$PomDependencyMgtElement::getType (28 bytes)
Event: 861.487 Thread 0x0000009e19b38800 nmethod 16300 0x0000009e06362c10 code [0x0000009e06362e60, 0x0000009e06363608]
Event: 861.487 Thread 0x0000009e19b38800 16299       3       org.gradle.api.internal.artifacts.ivyservice.ivyresolve.parser.PomReader::maybeSetEffectiveProperty (30 bytes)
Event: 861.488 Thread 0x0000009e19b38800 nmethod 16299 0x0000009e06363990 code [0x0000009e06363b60, 0x0000009e06363e78]
Event: 861.488 Thread 0x0000009e19b38800 16298       1       com.sun.org.apache.xerces.internal.util.XMLResourceIdentifierImpl::getPublicId (5 bytes)
Event: 861.488 Thread 0x0000009e19b38800 nmethod 16298 0x0000009e0be76110 code [0x0000009e0be762c0, 0x0000009e0be76378]
Event: 861.524 Thread 0x0000009e19b2a800 nmethod 16290 0x0000009e0be76410 code [0x0000009e0be76680, 0x0000009e0be77f30]
Event: 861.524 Thread 0x0000009e19b2a800 16292       4       com.sun.org.apache.xerces.internal.impl.XMLDocumentScannerImpl::next (10 bytes)
Event: 861.525 Thread 0x0000009e19b2a800 nmethod 16292 0x0000009e0be78e10 code [0x0000009e0be78fa0, 0x0000009e0be79038]
Event: 861.536 Thread 0x0000009e19b38800 16301       3       java.security.MessageDigest::isEqual (100 bytes)
Event: 861.536 Thread 0x0000009e19b2a800 16302       4       java.lang.CharacterDataLatin1::isWhitespace (23 bytes)
Event: 861.536 Thread 0x0000009e19b38800 nmethod 16301 0x0000009e06363f90 code [0x0000009e06364160, 0x0000009e06364518]
Event: 861.537 Thread 0x0000009e19b2a800 nmethod 16302 0x0000009e0be79110 code [0x0000009e0be792a0, 0x0000009e0be79338]
Event: 861.625 Thread 0x0000009e19b38800 16304       1       org.apache.http.HttpHost::getHostName (5 bytes)
Event: 861.626 Thread 0x0000009e19b38800 nmethod 16304 0x0000009e0be79910 code [0x0000009e0be79ac0, 0x0000009e0be79b78]
Event: 861.626 Thread 0x0000009e19b38800 16305       1       java.nio.Buffer::markValue (5 bytes)
Event: 861.626 Thread 0x0000009e19b38800 nmethod 16305 0x0000009e0be79c10 code [0x0000009e0be79dc0, 0x0000009e0be79e78]
Event: 861.658 Thread 0x0000009e19b38800 16306       3       java.nio.HeapByteBuffer::<init> (29 bytes)
Event: 861.658 Thread 0x0000009e19b38800 nmethod 16306 0x0000009e06364690 code [0x0000009e06364840, 0x0000009e063649c8]
Event: 861.658 Thread 0x0000009e19b2a800 16307       4       java.util.TreeMap::put (247 bytes)

GC Heap History (20 events):
Event: 727.949 GC heap before
{Heap before GC invocations=73 (full 0):
 garbage-first heap   total 187392K, used 117698K [0x0000000080000000, 0x0000000100000000)
  region size 1024K, 9 young (9216K), 3 survivors (3072K)
 Metaspace       used 106870K, capacity 110110K, committed 110208K, reserved 1144832K
  class space    used 13577K, capacity 14680K, committed 14720K, reserved 1048576K
}
Event: 727.966 GC heap after
{Heap after GC invocations=74 (full 0):
 garbage-first heap   total 187392K, used 111765K [0x0000000080000000, 0x0000000100000000)
  region size 1024K, 1 young (1024K), 1 survivors (1024K)
 Metaspace       used 106870K, capacity 110110K, committed 110208K, reserved 1144832K
  class space    used 13577K, capacity 14680K, committed 14720K, reserved 1048576K
}
Event: 739.956 GC heap before
{Heap before GC invocations=74 (full 0):
 garbage-first heap   total 187392K, used 151701K [0x0000000080000000, 0x0000000100000000)
  region size 1024K, 40 young (40960K), 1 survivors (1024K)
 Metaspace       used 108814K, capacity 112202K, committed 112384K, reserved 1146880K
  class space    used 13823K, capacity 14979K, committed 15104K, reserved 1048576K
}
Event: 739.970 GC heap after
{Heap after GC invocations=75 (full 0):
 garbage-first heap   total 187392K, used 114195K [0x0000000080000000, 0x0000000100000000)
  region size 1024K, 4 young (4096K), 4 survivors (4096K)
 Metaspace       used 108814K, capacity 112202K, committed 112384K, reserved 1146880K
  class space    used 13823K, capacity 14979K, committed 15104K, reserved 1048576K
}
Event: 743.115 GC heap before
{Heap before GC invocations=76 (full 0):
 garbage-first heap   total 187392K, used 153107K [0x0000000080000000, 0x0000000100000000)
  region size 1024K, 42 young (43008K), 4 survivors (4096K)
 Metaspace       used 110492K, capacity 113961K, committed 114048K, reserved 1148928K
  class space    used 14006K, capacity 15211K, committed 15232K, reserved 1048576K
}
Event: 743.129 GC heap after
{Heap after GC invocations=77 (full 0):
 garbage-first heap   total 187392K, used 118456K [0x0000000080000000, 0x0000000100000000)
  region size 1024K, 6 young (6144K), 6 survivors (6144K)
 Metaspace       used 110492K, capacity 113961K, committed 114048K, reserved 1148928K
  class space    used 14006K, capacity 15211K, committed 15232K, reserved 1048576K
}
Event: 746.212 GC heap before
{Heap before GC invocations=77 (full 0):
 garbage-first heap   total 187392K, used 154296K [0x0000000080000000, 0x0000000100000000)
  region size 1024K, 42 young (43008K), 6 survivors (6144K)
 Metaspace       used 114634K, capacity 118134K, committed 118144K, reserved 1150976K
  class space    used 14555K, capacity 15744K, committed 15744K, reserved 1048576K
}
Event: 746.236 GC heap after
{Heap after GC invocations=78 (full 0):
 garbage-first heap   total 187392K, used 121157K [0x0000000080000000, 0x0000000100000000)
  region size 1024K, 3 young (3072K), 3 survivors (3072K)
 Metaspace       used 114634K, capacity 118134K, committed 118144K, reserved 1150976K
  class space    used 14555K, capacity 15744K, committed 15744K, reserved 1048576K
}
Event: 805.435 GC heap before
{Heap before GC invocations=79 (full 0):
 garbage-first heap   total 187392K, used 154949K [0x0000000080000000, 0x0000000100000000)
  region size 1024K, 37 young (37888K), 3 survivors (3072K)
 Metaspace       used 114888K, capacity 118404K, committed 118528K, reserved 1153024K
  class space    used 14576K, capacity 15760K, committed 15872K, reserved 1048576K
}
Event: 805.453 GC heap after
{Heap after GC invocations=80 (full 0):
 garbage-first heap   total 187392K, used 122669K [0x0000000080000000, 0x0000000100000000)
  region size 1024K, 5 young (5120K), 5 survivors (5120K)
 Metaspace       used 114888K, capacity 118404K, committed 118528K, reserved 1153024K
  class space    used 14576K, capacity 15760K, committed 15872K, reserved 1048576K
}
Event: 805.507 GC heap before
{Heap before GC invocations=80 (full 0):
 garbage-first heap   total 187392K, used 126765K [0x0000000080000000, 0x0000000100000000)
  region size 1024K, 9 young (9216K), 5 survivors (5120K)
 Metaspace       used 114890K, capacity 118404K, committed 118528K, reserved 1153024K
  class space    used 14576K, capacity 15760K, committed 15872K, reserved 1048576K
}
Event: 805.549 GC heap after
{Heap after GC invocations=81 (full 0):
 garbage-first heap   total 187392K, used 118600K [0x0000000080000000, 0x0000000100000000)
  region size 1024K, 2 young (2048K), 2 survivors (2048K)
 Metaspace       used 114890K, capacity 118404K, committed 118528K, reserved 1153024K
  class space    used 14576K, capacity 15760K, committed 15872K, reserved 1048576K
}
Event: 806.161 GC heap before
{Heap before GC invocations=81 (full 0):
 garbage-first heap   total 187392K, used 153416K [0x0000000080000000, 0x0000000100000000)
  region size 1024K, 37 young (37888K), 2 survivors (2048K)
 Metaspace       used 115256K, capacity 118932K, committed 119040K, reserved 1153024K
  class space    used 14615K, capacity 15862K, committed 15872K, reserved 1048576K
}
Event: 806.173 GC heap after
{Heap after GC invocations=82 (full 0):
 garbage-first heap   total 187392K, used 121620K [0x0000000080000000, 0x0000000100000000)
  region size 1024K, 5 young (5120K), 5 survivors (5120K)
 Metaspace       used 115256K, capacity 118932K, committed 119040K, reserved 1153024K
  class space    used 14615K, capacity 15862K, committed 15872K, reserved 1048576K
}
Event: 807.767 GC heap before
{Heap before GC invocations=83 (full 0):
 garbage-first heap   total 187392K, used 155412K [0x0000000080000000, 0x0000000100000000)
  region size 1024K, 38 young (38912K), 5 survivors (5120K)
 Metaspace       used 115545K, capacity 119331K, committed 119680K, reserved 1153024K
  class space    used 14631K, capacity 15877K, committed 16000K, reserved 1048576K
}
Event: 807.780 GC heap after
{Heap after GC invocations=84 (full 0):
 garbage-first heap   total 187392K, used 124150K [0x0000000080000000, 0x0000000100000000)
  region size 1024K, 3 young (3072K), 3 survivors (3072K)
 Metaspace       used 115545K, capacity 119331K, committed 119680K, reserved 1153024K
  class space    used 14631K, capacity 15877K, committed 16000K, reserved 1048576K
}
Event: 807.868 GC heap before
{Heap before GC invocations=84 (full 0):
 garbage-first heap   total 187392K, used 130294K [0x0000000080000000, 0x0000000100000000)
  region size 1024K, 9 young (9216K), 3 survivors (3072K)
 Metaspace       used 115584K, capacity 119337K, committed 119680K, reserved 1153024K
  class space    used 14631K, capacity 15877K, committed 16000K, reserved 1048576K
}
Event: 807.889 GC heap after
{Heap after GC invocations=85 (full 0):
 garbage-first heap   total 187392K, used 117848K [0x0000000080000000, 0x0000000100000000)
  region size 1024K, 1 young (1024K), 1 survivors (1024K)
 Metaspace       used 115584K, capacity 119337K, committed 119680K, reserved 1153024K
  class space    used 14631K, capacity 15877K, committed 16000K, reserved 1048576K
}
Event: 861.262 GC heap before
{Heap before GC invocations=85 (full 0):
 garbage-first heap   total 187392K, used 154712K [0x0000000080000000, 0x0000000100000000)
  region size 1024K, 37 young (37888K), 1 survivors (1024K)
 Metaspace       used 116854K, capacity 120716K, committed 120832K, reserved 1155072K
  class space    used 14745K, capacity 16013K, committed 16128K, reserved 1048576K
}
Event: 861.273 GC heap after
{Heap after GC invocations=86 (full 0):
 garbage-first heap   total 187392K, used 120005K [0x0000000080000000, 0x0000000100000000)
  region size 1024K, 3 young (3072K), 3 survivors (3072K)
 Metaspace       used 116854K, capacity 120716K, committed 120832K, reserved 1155072K
  class space    used 14745K, capacity 16013K, committed 16128K, reserved 1048576K
}

Deoptimization events (20 events):
Event: 861.035 Thread 0x0000009e21954800 Uncommon trap: trap_request=0xffffff4d fr.pc=0x0000009e0be68828 relative=0x0000000000000108
Event: 861.035 Thread 0x0000009e21954800 Uncommon trap: reason=unstable_if action=reinterpret pc=0x0000009e0be68828 method=com.sun.org.apache.xerces.internal.impl.XMLEntityScanner.scanChar(Lcom/sun/org/apache/xerces/internal/impl/XMLScanner$NameType;)I @ 59 c2
Event: 861.035 Thread 0x0000009e21954800 DEOPT PACKING pc=0x0000009e0be68828 sp=0x0000009e2861b5c0
Event: 861.035 Thread 0x0000009e21954800 DEOPT UNPACKING pc=0x0000009e03a3782f sp=0x0000009e2861b558 mode 2
Event: 861.336 Thread 0x0000009e21954800 Uncommon trap: trap_request=0xffffffde fr.pc=0x0000009e0b9b27c4 relative=0x0000000000000564
Event: 861.336 Thread 0x0000009e21954800 Uncommon trap: reason=class_check action=maybe_recompile pc=0x0000009e0b9b27c4 method=java.lang.AbstractStringBuilder.append(Ljava/lang/CharSequence;)Ljava/lang/AbstractStringBuilder; @ 37 c2
Event: 861.336 Thread 0x0000009e21954800 DEOPT PACKING pc=0x0000009e0b9b27c4 sp=0x0000009e2861bb20
Event: 861.336 Thread 0x0000009e21954800 DEOPT UNPACKING pc=0x0000009e03a3782f sp=0x0000009e2861bb08 mode 2
Event: 861.336 Thread 0x0000009e21954800 Uncommon trap: trap_request=0xffffffde fr.pc=0x0000009e0b9b27c4 relative=0x0000000000000564
Event: 861.336 Thread 0x0000009e21954800 Uncommon trap: reason=class_check action=maybe_recompile pc=0x0000009e0b9b27c4 method=java.lang.AbstractStringBuilder.append(Ljava/lang/CharSequence;)Ljava/lang/AbstractStringBuilder; @ 37 c2
Event: 861.336 Thread 0x0000009e21954800 DEOPT PACKING pc=0x0000009e0b9b27c4 sp=0x0000009e2861bb20
Event: 861.336 Thread 0x0000009e21954800 DEOPT UNPACKING pc=0x0000009e03a3782f sp=0x0000009e2861bb08 mode 2
Event: 861.336 Thread 0x0000009e21954800 Uncommon trap: trap_request=0xffffffde fr.pc=0x0000009e0b9b27c4 relative=0x0000000000000564
Event: 861.336 Thread 0x0000009e21954800 Uncommon trap: reason=class_check action=maybe_recompile pc=0x0000009e0b9b27c4 method=java.lang.AbstractStringBuilder.append(Ljava/lang/CharSequence;)Ljava/lang/AbstractStringBuilder; @ 37 c2
Event: 861.336 Thread 0x0000009e21954800 DEOPT PACKING pc=0x0000009e0b9b27c4 sp=0x0000009e2861bb20
Event: 861.337 Thread 0x0000009e21954800 DEOPT UNPACKING pc=0x0000009e03a3782f sp=0x0000009e2861bb08 mode 2
Event: 861.337 Thread 0x0000009e21954800 Uncommon trap: trap_request=0xffffffde fr.pc=0x0000009e0b9b27c4 relative=0x0000000000000564
Event: 861.337 Thread 0x0000009e21954800 Uncommon trap: reason=class_check action=maybe_recompile pc=0x0000009e0b9b27c4 method=java.lang.AbstractStringBuilder.append(Ljava/lang/CharSequence;)Ljava/lang/AbstractStringBuilder; @ 37 c2
Event: 861.337 Thread 0x0000009e21954800 DEOPT PACKING pc=0x0000009e0b9b27c4 sp=0x0000009e2861bb20
Event: 861.337 Thread 0x0000009e21954800 DEOPT UNPACKING pc=0x0000009e03a3782f sp=0x0000009e2861bb08 mode 2

Classes redefined (0 events):
No events

Internal exceptions (20 events):
Event: 806.204 Thread 0x0000009e21958000 Exception <a 'sun/nio/fs/WindowsException'{0x000000008b55f8e0}> (0x000000008b55f8e0) thrown at [./src/hotspot/share/prims/jni.cpp, line 615]
Event: 806.204 Thread 0x0000009e21958000 Exception <a 'sun/nio/fs/WindowsException'{0x000000008b560ca8}> (0x000000008b560ca8) thrown at [./src/hotspot/share/prims/jni.cpp, line 615]
Event: 806.204 Thread 0x0000009e21958000 Exception <a 'sun/nio/fs/WindowsException'{0x000000008b562070}> (0x000000008b562070) thrown at [./src/hotspot/share/prims/jni.cpp, line 615]
Event: 806.236 Thread 0x0000009e21958000 Exception <a 'java/lang/reflect/InvocationTargetException'{0x000000008b4e9a30}> (0x000000008b4e9a30) thrown at [./src/hotspot/share/runtime/reflection.cpp, line 1247]
Event: 857.942 Thread 0x0000009e1ec09000 Exception <a 'sun/nio/fs/WindowsException'{0x000000008b33c7d0}> (0x000000008b33c7d0) thrown at [./src/hotspot/share/prims/jni.cpp, line 615]
Event: 857.977 Thread 0x0000009e1ec09000 Exception <a 'sun/nio/fs/WindowsException'{0x000000008b3e46b8}> (0x000000008b3e46b8) thrown at [./src/hotspot/share/prims/jni.cpp, line 615]
Event: 857.978 Thread 0x0000009e1ec09000 Exception <a 'sun/nio/fs/WindowsException'{0x000000008b3e4870}> (0x000000008b3e4870) thrown at [./src/hotspot/share/prims/jni.cpp, line 615]
Event: 857.984 Thread 0x0000009e21958000 Exception <a 'java/lang/ClassNotFoundException'{0x000000008b225ee0}: sync_studio_tooling893_ac0rsiesa866feoa553igtzx9BeanInfo> (0x000000008b225ee0) thrown at [./src/hotspot/share/classfile/systemDictionary.cpp, line 231]
Event: 857.984 Thread 0x0000009e21958000 Exception <a 'java/lang/ClassNotFoundException'{0x000000008b232490}: sync_studio_tooling893_ac0rsiesa866feoa553igtzx9Customizer> (0x000000008b232490) thrown at [./src/hotspot/share/classfile/systemDictionary.cpp, line 231]
Event: 858.010 Thread 0x0000009e1ec08000 Exception <a 'sun/nio/fs/WindowsException'{0x000000008b1081d0}> (0x000000008b1081d0) thrown at [./src/hotspot/share/prims/jni.cpp, line 615]
Event: 858.014 Thread 0x0000009e1ec08000 Exception <a 'sun/nio/fs/WindowsException'{0x000000008b15f498}> (0x000000008b15f498) thrown at [./src/hotspot/share/prims/jni.cpp, line 615]
Event: 858.015 Thread 0x0000009e1ec08000 Exception <a 'sun/nio/fs/WindowsException'{0x000000008b15f640}> (0x000000008b15f640) thrown at [./src/hotspot/share/prims/jni.cpp, line 615]
Event: 858.020 Thread 0x0000009e21958000 Exception <a 'java/lang/ClassNotFoundException'{0x000000008b2f4930}: sync_studio_tooling893_ac0rsiesa866feoa553igtzx9BeanInfo> (0x000000008b2f4930) thrown at [./src/hotspot/share/classfile/systemDictionary.cpp, line 231]
Event: 858.020 Thread 0x0000009e21958000 Exception <a 'java/lang/ClassNotFoundException'{0x000000008b177628}: sync_studio_tooling893_ac0rsiesa866feoa553igtzx9Customizer> (0x000000008b177628) thrown at [./src/hotspot/share/classfile/systemDictionary.cpp, line 231]
Event: 858.163 Thread 0x0000009e1ec08000 Exception <a 'sun/nio/fs/WindowsException'{0x000000008a98d980}> (0x000000008a98d980) thrown at [./src/hotspot/share/prims/jni.cpp, line 615]
Event: 858.168 Thread 0x0000009e1ec08000 Exception <a 'sun/nio/fs/WindowsException'{0x000000008a852e08}> (0x000000008a852e08) thrown at [./src/hotspot/share/prims/jni.cpp, line 615]
Event: 858.168 Thread 0x0000009e1ec08000 Exception <a 'sun/nio/fs/WindowsException'{0x000000008a852fc0}> (0x000000008a852fc0) thrown at [./src/hotspot/share/prims/jni.cpp, line 615]
Event: 858.178 Thread 0x0000009e21958000 Exception <a 'java/lang/ClassNotFoundException'{0x000000008a8a8790}: build_5r1rlexbkeaww3bavp5d8ka6xBeanInfo> (0x000000008a8a8790) thrown at [./src/hotspot/share/classfile/systemDictionary.cpp, line 231]
Event: 858.179 Thread 0x0000009e21958000 Exception <a 'java/lang/ClassNotFoundException'{0x000000008a8b3658}: build_5r1rlexbkeaww3bavp5d8ka6xCustomizer> (0x000000008a8b3658) thrown at [./src/hotspot/share/classfile/systemDictionary.cpp, line 231]
Event: 859.149 Thread 0x0000009e21958000 Implicit null exception at 0x0000009e0b953377 to 0x0000009e0b953510

Events (20 events):
Event: 861.273 Executing VM operation: RevokeBias done
Event: 861.273 Executing VM operation: RevokeBias
Event: 861.274 Executing VM operation: RevokeBias done
Event: 861.345 Executing VM operation: RevokeBias
Event: 861.345 Executing VM operation: RevokeBias done
Event: 861.345 loading class org/gradle/api/internal/artifacts/repositories/resolver/MavenUniqueSnapshotModuleSource
Event: 861.345 loading class org/gradle/api/internal/artifacts/repositories/resolver/MavenUniqueSnapshotModuleSource done
Event: 861.357 loading class org/gradle/internal/component/model/ModuleSources
Event: 861.357 loading class org/gradle/internal/component/model/ModuleSources done
Event: 861.357 loading class org/gradle/internal/component/model/ModuleSources
Event: 861.357 loading class org/gradle/internal/component/model/ModuleSources done
Event: 861.357 loading class org/gradle/api/internal/artifacts/repositories/resolver/MavenResolver
Event: 861.357 loading class org/gradle/api/internal/artifacts/repositories/resolver/MavenResolver done
Event: 861.357 loading class org/gradle/api/internal/artifacts/repositories/resolver/MavenResolver
Event: 861.357 loading class org/gradle/api/internal/artifacts/repositories/resolver/MavenResolver done
Event: 861.359 Executing VM operation: RevokeBias
Event: 861.359 Executing VM operation: RevokeBias done
Event: 861.363 Executing VM operation: RevokeBias
Event: 861.363 Executing VM operation: RevokeBias done
Event: 861.541 Executing VM operation: RevokeBias


Dynamic libraries:
0x00007ff7debd0000 - 0x00007ff7debda000 	C:\Program Files\Android\Android Studio\jre\bin\java.exe
0x00007ff8d9950000 - 0x00007ff8d9b12000 	C:\Windows\SYSTEM32\ntdll.dll
0x00007ff8d9890000 - 0x00007ff8d993d000 	C:\Windows\system32\KERNEL32.DLL
0x00007ff8d6690000 - 0x00007ff8d686d000 	C:\Windows\system32\KERNELBASE.dll
0x00007ff8c76f0000 - 0x00007ff8c7709000 	C:\Program Files\Android\Android Studio\jre\bin\jli.dll
0x00007ff8c76d0000 - 0x00007ff8c76e7000 	C:\Program Files\Android\Android Studio\jre\bin\VCRUNTIME140.dll
0x00007ff8d1310000 - 0x00007ff8d1402000 	C:\Windows\SYSTEM32\ucrtbase.dll
0x00007ff8d75d0000 - 0x00007ff8d771e000 	C:\Windows\system32\USER32.dll
0x00007ff8d7260000 - 0x00007ff8d73e3000 	C:\Windows\system32\GDI32.dll
0x00007ff8cb790000 - 0x00007ff8cba04000 	C:\Windows\WinSxS\amd64_microsoft.windows.common-controls_6595b64144ccf1df_6.0.10240.17184_none_f41d7a705752bce6\COMCTL32.dll
0x00007ff8d70e0000 - 0x00007ff8d717d000 	C:\Windows\system32\msvcrt.dll
0x00007ff8d7780000 - 0x00007ff8d77b6000 	C:\Windows\system32\IMM32.DLL
0x00007ff8d8dd0000 - 0x00007ff8d8f2c000 	C:\Windows\system32\MSCTF.dll
0x00007ff8c7630000 - 0x00007ff8c76cd000 	C:\Program Files\Android\Android Studio\jre\bin\msvcp140.dll
0x00007ff8be500000 - 0x00007ff8befcf000 	C:\Program Files\Android\Android Studio\jre\bin\server\jvm.dll
0x00007ff8d7520000 - 0x00007ff8d75c6000 	C:\Windows\system32\ADVAPI32.dll
0x00007ff8d7720000 - 0x00007ff8d777b000 	C:\Windows\system32\sechost.dll
0x00007ff8d9680000 - 0x00007ff8d97a6000 	C:\Windows\system32\RPCRT4.dll
0x00007ff8d7250000 - 0x00007ff8d7258000 	C:\Windows\system32\PSAPI.DLL
0x00007ff8d1c90000 - 0x00007ff8d1c99000 	C:\Windows\SYSTEM32\WSOCK32.dll
0x00007ff8d3cb0000 - 0x00007ff8d3cd3000 	C:\Windows\SYSTEM32\WINMM.dll
0x00007ff8d3e40000 - 0x00007ff8d3e4a000 	C:\Windows\SYSTEM32\VERSION.dll
0x00007ff8d7010000 - 0x00007ff8d7079000 	C:\Windows\system32\WS2_32.dll
0x00007ff8d8dc0000 - 0x00007ff8d8dc8000 	C:\Windows\system32\NSI.dll
0x00007ff8d3c20000 - 0x00007ff8d3c4c000 	C:\Windows\SYSTEM32\WINMMBASE.dll
0x00007ff8d6640000 - 0x00007ff8d6684000 	C:\Windows\system32\cfgmgr32.dll
0x00007ff8d60c0000 - 0x00007ff8d60e7000 	C:\Windows\SYSTEM32\DEVOBJ.dll
0x00007ff8d6400000 - 0x00007ff8d640f000 	C:\Windows\system32\kernel.appcore.dll
0x00007ff8cf780000 - 0x00007ff8cf791000 	C:\Program Files\Android\Android Studio\jre\bin\verify.dll
0x00007ff8c5360000 - 0x00007ff8c54ea000 	C:\Windows\SYSTEM32\DBGHELP.DLL
0x00007ff8cf750000 - 0x00007ff8cf775000 	C:\Windows\SYSTEM32\dbgcore.DLL
0x00007ff8cf2f0000 - 0x00007ff8cf319000 	C:\Program Files\Android\Android Studio\jre\bin\java.dll
0x00007ff8d0040000 - 0x00007ff8d004b000 	C:\Program Files\Android\Android Studio\jre\bin\jimage.dll
0x00007ff8cf2b0000 - 0x00007ff8cf2c8000 	C:\Program Files\Android\Android Studio\jre\bin\zip.dll
0x00007ff8d77c0000 - 0x00007ff8d8ce3000 	C:\Windows\system32\SHELL32.dll
0x00007ff8d6870000 - 0x00007ff8d6e99000 	C:\Windows\system32\windows.storage.dll
0x00007ff8d92b0000 - 0x00007ff8d952c000 	C:\Windows\system32\combase.dll
0x00007ff8d7180000 - 0x00007ff8d71d1000 	C:\Windows\system32\shlwapi.dll
0x00007ff8d6ea0000 - 0x00007ff8d6f53000 	C:\Windows\system32\shcore.dll
0x00007ff8d63b0000 - 0x00007ff8d63fa000 	C:\Windows\system32\powrprof.dll
0x00007ff8d6390000 - 0x00007ff8d63a3000 	C:\Windows\system32\profapi.dll
0x00007ff8ce270000 - 0x00007ff8ce28a000 	C:\Program Files\Android\Android Studio\jre\bin\net.dll
0x00007ff8cf1d0000 - 0x00007ff8cf2a6000 	C:\Windows\SYSTEM32\WINHTTP.dll
0x00007ff8d5890000 - 0x00007ff8d58ed000 	C:\Windows\system32\mswsock.dll
0x00007ff8ce250000 - 0x00007ff8ce264000 	C:\Program Files\Android\Android Studio\jre\bin\nio.dll
0x00007ff8ce000000 - 0x00007ff8ce027000 	C:\Users\DOOM\Desktop\MovieGuide-master\native\8bec1ad78214c89d9ad589b4d07fe93259594b29d510b10fafb7a158f7737e5d\windows-amd64\native-platform.dll
0x00007ff8bd580000 - 0x00007ff8bd6bd000 	C:\Users\DOOM\Desktop\MovieGuide-master\native\53dbd7edfb1c66fb8903c78663c9afc45aea4f116125fa6feffd364cf09443e8\windows-amd64\native-platform-file-events.dll
0x00007ff8ce240000 - 0x00007ff8ce24a000 	C:\Program Files\Android\Android Studio\jre\bin\management.dll
0x00007ff8ce030000 - 0x00007ff8ce03c000 	C:\Program Files\Android\Android Studio\jre\bin\management_ext.dll
0x00007ff8d58f0000 - 0x00007ff8d5907000 	C:\Windows\SYSTEM32\CRYPTSP.dll
0x00007ff8d62a0000 - 0x00007ff8d62c8000 	C:\Windows\SYSTEM32\bcrypt.dll
0x00007ff8d5540000 - 0x00007ff8d5573000 	C:\Windows\system32\rsaenh.dll
0x00007ff8d5630000 - 0x00007ff8d564f000 	C:\Windows\SYSTEM32\USERENV.dll
0x00007ff8d6190000 - 0x00007ff8d61fb000 	C:\Windows\system32\bcryptprimitives.dll
0x00007ff8d5a40000 - 0x00007ff8d5a4b000 	C:\Windows\SYSTEM32\CRYPTBASE.dll
0x00007ff8d44b0000 - 0x00007ff8d44e8000 	C:\Windows\SYSTEM32\IPHLPAPI.DLL
0x00007ff8d4470000 - 0x00007ff8d447b000 	C:\Windows\SYSTEM32\WINNSI.DLL
0x00007ff8d2190000 - 0x00007ff8d21a6000 	C:\Windows\SYSTEM32\dhcpcsvc6.DLL
0x00007ff8d1f40000 - 0x00007ff8d1f5a000 	C:\Windows\SYSTEM32\dhcpcsvc.DLL
0x00007ff8c7580000 - 0x00007ff8c75a7000 	C:\Program Files\Android\Android Studio\jre\bin\sunec.dll
0x00007ff8d5650000 - 0x00007ff8d56f8000 	C:\Windows\SYSTEM32\DNSAPI.dll
0x00007ff8d4270000 - 0x00007ff8d427a000 	C:\Windows\System32\rasadhlp.dll
0x00007ff8d2400000 - 0x00007ff8d2468000 	C:\Windows\System32\fwpuclnt.dll

dbghelp: loaded successfully - version: 4.0.5 - missing functions: none
symbol engine: initialized successfully - sym options: 0x614 - pdb path: .;C:\Program Files\Android\Android Studio\jre\bin;C:\Windows\SYSTEM32;C:\Windows\WinSxS\amd64_microsoft.windows.common-controls_6595b64144ccf1df_6.0.10240.17184_none_f41d7a705752bce6;C:\Program Files\Android\Android Studio\jre\bin\server;C:\Users\DOOM\Desktop\MovieGuide-master\native\8bec1ad78214c89d9ad589b4d07fe93259594b29d510b10fafb7a158f7737e5d\windows-amd64;C:\Users\DOOM\Desktop\MovieGuide-master\native\53dbd7edfb1c66fb8903c78663c9afc45aea4f116125fa6feffd364cf09443e8\windows-amd64

VM Arguments:
jvm_args: --add-opens=java.base/java.util=ALL-UNNAMED --add-opens=java.base/java.lang=ALL-UNNAMED --add-opens=java.base/java.lang.invoke=ALL-UNNAMED --add-opens=java.base/java.util=ALL-UNNAMED --add-opens=java.prefs/java.util.prefs=ALL-UNNAMED --add-opens=java.prefs/java.util.prefs=ALL-UNNAMED --add-opens=java.base/java.nio.charset=ALL-UNNAMED --add-opens=java.base/java.net=ALL-UNNAMED --add-opens=java.base/java.util.concurrent.atomic=ALL-UNNAMED -Xmx2048m -Dfile.encoding=UTF-8 -Duser.country=FR -Duser.language=fr -Duser.variant 
java_command: org.gradle.launcher.daemon.bootstrap.GradleDaemon 7.0.2
java_class_path (initial): C:\Users\DOOM\Desktop\MovieGuide-master\wrapper\dists\gradle-7.0.2-bin\857tjihv64xamwrf0h14cai3r\gradle-7.0.2\lib\gradle-launcher-7.0.2.jar
Launcher Type: SUN_STANDARD

[Global flags]
     intx CICompilerCount                          = 3                                         {product} {ergonomic}
     uint ConcGCThreads                            = 1                                         {product} {ergonomic}
     uint G1ConcRefinementThreads                  = 4                                         {product} {ergonomic}
   size_t G1HeapRegionSize                         = 1048576                                   {product} {ergonomic}
    uintx GCDrainStackTargetSize                   = 64                                        {product} {ergonomic}
   size_t InitialHeapSize                          = 62914560                                  {product} {ergonomic}
   size_t MarkStackSize                            = 4194304                                   {product} {ergonomic}
   size_t MaxHeapSize                              = 2147483648                                {product} {command line}
   size_t MaxNewSize                               = 1287651328                                {product} {ergonomic}
   size_t MinHeapDeltaBytes                        = 1048576                                   {product} {ergonomic}
    uintx NonNMethodCodeHeapSize                   = 5830732                                {pd product} {ergonomic}
    uintx NonProfiledCodeHeapSize                  = 122913754                              {pd product} {ergonomic}
    uintx ProfiledCodeHeapSize                     = 122913754                              {pd product} {ergonomic}
    uintx ReservedCodeCacheSize                    = 251658240                              {pd product} {ergonomic}
     bool SegmentedCodeCache                       = true                                      {product} {ergonomic}
     bool UseCompressedClassPointers               = true                                 {lp64_product} {ergonomic}
     bool UseCompressedOops                        = true                                 {lp64_product} {ergonomic}
     bool UseG1GC                                  = true                                      {product} {ergonomic}
     bool UseLargePagesIndividualAllocation        = false                                  {pd product} {ergonomic}

Logging:
Log output configuration:
 #0: stdout all=warning uptime,level,tags
 #1: stderr all=off uptime,level,tags

Environment Variables:
PATH=C:\Program Files\Common Files\Oracle\Java\javapath;C:\Program Files (x86)\Common Files\Oracle\Java\javapath;C:\Windows\system32;C:\Windows;C:\Windows\System32\Wbem;C:\Windows\System32\WindowsPowerShell\v1.0\;C:\Program Files\Git\cmd
USERNAME=DOOM
OS=Windows_NT
PROCESSOR_IDENTIFIER=Intel64 Family 6 Model 42 Stepping 7, GenuineIntel



---------------  S Y S T E M  ---------------

OS: Windows 10 , 64 bit Build 10240 (10.0.10240.17113)
OS uptime: 0 days 2:02 hours

CPU:total 4 (initial active 4) (2 cores per cpu, 2 threads per core) family 6 model 42 stepping 7 microcode 0x29, cmov, cx8, fxsr, mmx, sse, sse2, sse3, ssse3, sse4.1, sse4.2, popcnt, avx, clmul, ht, tsc, tscinvbit

Memory: 4k page, system-wide physical 3815M (342M free)
TotalPageFile size 6759M (AvailPageFile size 1571M)
current process WorkingSet (physical memory assigned to process): 373M, peak: 406M
current process commit charge ("private bytes"): 502M, peak: 512M

vm_info: OpenJDK 64-Bit Server VM (11.0.10+0-b96-7249189) for windows-amd64 JRE (11.0.10+0-b96-7249189), built on Mar 31 2021 21:44:00 by "builder" with MS VC++ 14.0 (VS2015)

END.
